C51 COMPILER V9.60.0.0   SEND                                                              03/11/2023 17:27:55 PAGE 1   


C51 COMPILER V9.60.0.0, COMPILATION OF MODULE SEND
OBJECT MODULE PLACED IN .\Objects\Send.obj
COMPILER INVOKED BY: H:\keli\C51\BIN\C51.EXE Sys\Send.c OPTIMIZE(8,SPEED) BROWSE INCDIR(.\Sys\h) DEBUG OBJECTEXTEND PRIN
                    -T(.\Listings\Send.lst) TABS(2) OBJECT(.\Objects\Send.obj)

line level    source

   1          #include "Send.h"
   2          
   3          
   4          void Send_To(unsigned char comp,unsigned char dat)
   5          {
   6   1        P0 = dat;
   7   1        P2 = P2 & 0x1f | (comp << 5);
   8   1        P2 &= 0x1f;
   9   1      }


MODULE INFORMATION:   STATIC OVERLAYABLE
   CODE SIZE        =     19    ----
   CONSTANT SIZE    =   ----    ----
   XDATA SIZE       =   ----    ----
   PDATA SIZE       =   ----    ----
   DATA SIZE        =   ----    ----
   IDATA SIZE       =   ----    ----
   BIT SIZE         =   ----    ----
END OF MODULE INFORMATION.


C51 COMPILATION COMPLETE.  0 WARNING(S),  0 ERROR(S)
